
Showing logs for build [32mcb-kubecd-environment-pr-208-17-p2qjg-1[0m stage [32mfrom-build-pack[0m and container [32mstep-credential-initializer-22d26[0m
{"level":"info","ts":1587643775.8584607,"logger":"fallback-logger","caller":"logging/config.go:69","msg":"Fetch GitHub commit ID from kodata failed: open /var/run/ko/refs/heads/0.8.0-ns-support: no such file or directory"}
{"level":"info","ts":1587643775.8592699,"logger":"fallback-logger","caller":"creds-init/main.go:40","msg":"Credentials initialized."}

Showing logs for build [32mcb-kubecd-environment-pr-208-17-p2qjg-1[0m stage [32mfrom-build-pack[0m and container [32mstep-working-dir-initializer-ffghd[0m
{"level":"info","ts":1587643777.2796128,"logger":"fallback-logger","caller":"logging/config.go:69","msg":"Fetch GitHub commit ID from kodata failed: open /var/run/ko/HEAD: no such file or directory"}
{"level":"info","ts":1587643777.2820776,"logger":"fallback-logger","caller":"bash/main.go:64","msg":"Successfully executed command \"sh -c mkdir -p /workspace/source\"; output "}

Showing logs for build [32mcb-kubecd-environment-pr-208-17-p2qjg-1[0m stage [32mfrom-build-pack[0m and container [32mstep-place-tools[0m

Showing logs for build [32mcb-kubecd-environment-pr-208-17-p2qjg-1[0m stage [32mfrom-build-pack[0m and container [32mstep-git-source-cb-kubecd-environment-pr-208-17-p2qjg-7cv2b[0m
{"level":"info","ts":1587643782.4614775,"logger":"fallback-logger","caller":"logging/config.go:69","msg":"Fetch GitHub commit ID from kodata failed: open /var/run/ko/refs/heads/0.8.0-ns-support: no such file or directory"}
{"level":"info","ts":1587643783.5534377,"logger":"fallback-logger","caller":"git/git.go:103","msg":"Successfully cloned https://github.com/cb-kubecd/environment-pr-208-17-boot-gke-staging.git @ master in path /workspace/source"}

Showing logs for build [32mcb-kubecd-environment-pr-208-17-p2qjg-1[0m stage [32mfrom-build-pack[0m and container [32mstep-git-merge[0m
Using SHAs from PULL_REFS=master:6103bb7988a897b596f6859abd5de5e7f7cadb91,8:a50711868c71a8222b496e2763d9a685db90797f
DEBUG: JX_LOG_LEVEL=error LC_ALL=C git fetch origin --unshallow a50711868c71a8222b496e2763d9a685db90797f: 6103bb7988a897b596f6859abd5de5e7f7cadb91:
DEBUG: ran git fetch --unshallow origin a50711868c71a8222b496e2763d9a685db90797f: 6103bb7988a897b596f6859abd5de5e7f7cadb91: in 
DEBUG: LC_ALL=C JX_LOG_LEVEL=error git branch
DEBUG: JX_LOG_LEVEL=error LC_ALL=C git checkout master
DEBUG: ran git checkout master in 
DEBUG: LC_ALL=C JX_LOG_LEVEL=error git reset --hard 6103bb7988a897b596f6859abd5de5e7f7cadb91
DEBUG: ran git reset --hard 6103bb7988a897b596f6859abd5de5e7f7cadb91 in 
DEBUG: LC_ALL=C JX_LOG_LEVEL=error git clean -fd .
DEBUG: ran clean --force -d . in 
DEBUG: LC_ALL=C JX_LOG_LEVEL=error git merge a50711868c71a8222b496e2763d9a685db90797f
DEBUG: ran git merge a50711868c71a8222b496e2763d9a685db90797f in 
DEBUG: LC_ALL=C JX_LOG_LEVEL=error git log --format=%H%x1f%an%x1f%ae%x1f%cn%x1f%ce%x1f%s%n%b%x1e 6103bb7988a897b596f6859abd5de5e7f7cadb91..HEAD
Merged SHA a50711868c71a8222b496e2763d9a685db90797f with commit message 'chore: Promote bdd-nh-import-1587642021 to version 0.0.1' into base branch master

Showing logs for build [32mcb-kubecd-environment-pr-208-17-p2qjg-1[0m stage [32mfrom-build-pack[0m and container [32mstep-build-helm-build[0m
WARNING: No $CHART_REPOSITORY defined so using the default value of: http://jenkins-x-chartmuseum:8080
Adding missing Helm repo: storage.googleapis.com https://storage.googleapis.com/chartmuseum.jenkins-x.io
WARNING: No secrets found on "helm/repos" due: reading the secret "helm/repos" from vault: no secret "helm/repos" not found in vault
Read credentials for https://storage.googleapis.com/chartmuseum.jenkins-x.io from vault helm/repos
Successfully added Helm repository storage.googleapis.com.
Adding missing Helm repo: jenkins-x-chartmuseum http://jenkins-x-chartmuseum:8080
WARNING: No secrets found on "helm/repos" due: reading the secret "helm/repos" from vault: no secret "helm/repos" not found in vault
Read credentials for http://jenkins-x-chartmuseum:8080 from vault helm/repos
Successfully added Helm repository jenkins-x-chartmuseum.
WARNING: No $CHART_REPOSITORY defined so using the default value of: http://jenkins-x-chartmuseum:8080
Adding missing Helm repo: chartmuseum.jenkins-x.io http://chartmuseum.jenkins-x.io
WARNING: No secrets found on "helm/repos" due: reading the secret "helm/repos" from vault: no secret "helm/repos" not found in vault
Read credentials for http://chartmuseum.jenkins-x.io from vault helm/repos
Successfully added Helm repository chartmuseum.jenkins-x.io.
