
Showing logs for build [32mcb-kubecd-environment-pr-208-17-5zpnw-1[0m stage [32mfrom-build-pack[0m and container [32mstep-credential-initializer-gfs4b[0m
{"level":"info","ts":1587642690.0379472,"logger":"fallback-logger","caller":"logging/config.go:69","msg":"Fetch GitHub commit ID from kodata failed: open /var/run/ko/refs/heads/0.8.0-ns-support: no such file or directory"}
{"level":"info","ts":1587642690.0387719,"logger":"fallback-logger","caller":"creds-init/main.go:40","msg":"Credentials initialized."}

Showing logs for build [32mcb-kubecd-environment-pr-208-17-5zpnw-1[0m stage [32mfrom-build-pack[0m and container [32mstep-working-dir-initializer-mjwqk[0m
{"level":"info","ts":1587642690.4370916,"logger":"fallback-logger","caller":"logging/config.go:69","msg":"Fetch GitHub commit ID from kodata failed: open /var/run/ko/HEAD: no such file or directory"}
{"level":"info","ts":1587642690.4386475,"logger":"fallback-logger","caller":"bash/main.go:64","msg":"Successfully executed command \"sh -c mkdir -p /workspace/source\"; output "}

Showing logs for build [32mcb-kubecd-environment-pr-208-17-5zpnw-1[0m stage [32mfrom-build-pack[0m and container [32mstep-place-tools[0m

Showing logs for build [32mcb-kubecd-environment-pr-208-17-5zpnw-1[0m stage [32mfrom-build-pack[0m and container [32mstep-git-source-cb-kubecd-environment-pr-208-17-5zpnw-dmt6r[0m
{"level":"info","ts":1587642694.6944554,"logger":"fallback-logger","caller":"logging/config.go:69","msg":"Fetch GitHub commit ID from kodata failed: open /var/run/ko/refs/heads/0.8.0-ns-support: no such file or directory"}
{"level":"info","ts":1587642695.7413828,"logger":"fallback-logger","caller":"git/git.go:103","msg":"Successfully cloned https://github.com/cb-kubecd/environment-pr-208-17-boot-gke-staging.git @ master in path /workspace/source"}

Showing logs for build [32mcb-kubecd-environment-pr-208-17-5zpnw-1[0m stage [32mfrom-build-pack[0m and container [32mstep-git-merge[0m
Using SHAs from PULL_REFS=master:a03dca39d7fd37c1656ceaf29d95fca02c39dedb,6:9a6447dd854ec7d04d940437a6ad5e63165be0d6
DEBUG: LC_ALL=C JX_LOG_LEVEL=error git fetch origin --unshallow 9a6447dd854ec7d04d940437a6ad5e63165be0d6: a03dca39d7fd37c1656ceaf29d95fca02c39dedb:
DEBUG: ran git fetch --unshallow origin 9a6447dd854ec7d04d940437a6ad5e63165be0d6: a03dca39d7fd37c1656ceaf29d95fca02c39dedb: in 
DEBUG: LC_ALL=C JX_LOG_LEVEL=error git branch
DEBUG: JX_LOG_LEVEL=error LC_ALL=C git checkout master
DEBUG: ran git checkout master in 
DEBUG: LC_ALL=C JX_LOG_LEVEL=error git reset --hard a03dca39d7fd37c1656ceaf29d95fca02c39dedb
DEBUG: ran git reset --hard a03dca39d7fd37c1656ceaf29d95fca02c39dedb in 
DEBUG: LC_ALL=C JX_LOG_LEVEL=error git clean -fd .
DEBUG: ran clean --force -d . in 
DEBUG: JX_LOG_LEVEL=error LC_ALL=C git merge 9a6447dd854ec7d04d940437a6ad5e63165be0d6
DEBUG: ran git merge 9a6447dd854ec7d04d940437a6ad5e63165be0d6 in 
DEBUG: LC_ALL=C JX_LOG_LEVEL=error git log --format=%H%x1f%an%x1f%ae%x1f%cn%x1f%ce%x1f%s%n%b%x1e a03dca39d7fd37c1656ceaf29d95fca02c39dedb..HEAD
Merged SHA 9a6447dd854ec7d04d940437a6ad5e63165be0d6 with commit message 'chore: Promote bdd-sbhg-import-1587642021 to version 0.0.1' into base branch master

Showing logs for build [32mcb-kubecd-environment-pr-208-17-5zpnw-1[0m stage [32mfrom-build-pack[0m and container [32mstep-build-helm-build[0m
WARNING: No $CHART_REPOSITORY defined so using the default value of: http://jenkins-x-chartmuseum:8080
Adding missing Helm repo: storage.googleapis.com https://storage.googleapis.com/chartmuseum.jenkins-x.io
WARNING: No secrets found on "helm/repos" due: reading the secret "helm/repos" from vault: no secret "helm/repos" not found in vault
Read credentials for https://storage.googleapis.com/chartmuseum.jenkins-x.io from vault helm/repos
Successfully added Helm repository storage.googleapis.com.
Adding missing Helm repo: jenkins-x-chartmuseum http://jenkins-x-chartmuseum:8080
WARNING: No secrets found on "helm/repos" due: reading the secret "helm/repos" from vault: no secret "helm/repos" not found in vault
Read credentials for http://jenkins-x-chartmuseum:8080 from vault helm/repos
Successfully added Helm repository jenkins-x-chartmuseum.
WARNING: No $CHART_REPOSITORY defined so using the default value of: http://jenkins-x-chartmuseum:8080
Adding missing Helm repo: chartmuseum.jenkins-x.io http://chartmuseum.jenkins-x.io
WARNING: No secrets found on "helm/repos" due: reading the secret "helm/repos" from vault: no secret "helm/repos" not found in vault
Read credentials for http://chartmuseum.jenkins-x.io from vault helm/repos
Successfully added Helm repository chartmuseum.jenkins-x.io.
